<?xml version="1.0" encoding="UTF-8"?>
<!-- Generated by org.testng.reporters.JUnitReportReporter -->
<testsuite skipped="0" hostname="lakshman" name="testcases.PaymentManager" tests="2" failures="0" timestamp="2022-04-09T18:39:01 IST" time="0.001" errors="0">
  <testcase name="makePayment" time="0.000" classname="testcases.PaymentManager"/>
  <system-out/>
  <testcase name="applyDiscount" time="0.001" classname="testcases.PaymentManager"/>
  <system-out/>
</testsuite> <!-- testcases.PaymentManager -->
