<?xml version="1.0" encoding="UTF-8"?>
<!-- Generated by org.testng.reporters.JUnitReportReporter -->
<testsuite skipped="0" hostname="lakshman" name="testcases.LoginTest" tests="1" failures="0" timestamp="2022-04-09T17:55:25 IST" time="0.003" errors="0">
  <testcase name="login" time="0.003" classname="testcases.LoginTest"/>
  <system-out/>
</testsuite> <!-- testcases.LoginTest -->
