<?xml version="1.0" encoding="UTF-8"?>
<!-- Generated by org.testng.reporters.JUnitReportReporter -->
<testsuite skipped="0" hostname="lakshman" name="testcases.BookingManager" tests="3" failures="0" timestamp="2022-04-09T18:39:01 IST" time="0.004" errors="0">
  <testcase name="selectHotel" time="0.000" classname="testcases.BookingManager"/>
  <system-out/>
  <testcase name="enterGuestInfo" time="0.000" classname="testcases.BookingManager"/>
  <system-out/>
  <testcase name="searchHotel" time="0.004" classname="testcases.BookingManager"/>
  <system-out/>
</testsuite> <!-- testcases.BookingManager -->
