<?xml version="1.0" encoding="UTF-8"?>
<!-- Generated by org.testng.reporters.JUnitReportReporter -->
<testsuite skipped="0" hostname="lakshman" name="testcases.CustomerCommunication" tests="1" failures="0" timestamp="2022-04-09T18:39:01 IST" time="0.001" errors="0">
  <testcase name="checkEmailVerification" time="0.001" classname="testcases.CustomerCommunication"/>
  <system-out/>
</testsuite> <!-- testcases.CustomerCommunication -->
